-------------------------------------------------------------------------------
Test set: com.healthbridge.service.test.DefaultLoginServiceTest
-------------------------------------------------------------------------------
Tests run: 3, Failures: 0, Errors: 1, Skipped: 0, Time elapsed: 0.06 s <<< FAILURE! - in com.healthbridge.service.test.DefaultLoginServiceTest
testIncorrectPassword  Time elapsed: 0.014 s  <<< ERROR!
org.mockito.exceptions.misusing.UnnecessaryStubbingException: 

Unnecessary stubbings detected.
Clean & maintainable test code requires zero unnecessary code.
Following stubbings are unnecessary (click to navigate to relevant line of code):
  1. -> at com.healthbridge.service.test.DefaultLoginServiceTest.testIncorrectPassword(DefaultLoginServiceTest.java:67)
Please remove unnecessary stubbings or use 'lenient' strictness. More info: javadoc for UnnecessaryStubbingException class.

